2013-10-10 14:29:08,754 [FileSystemWatcher: files=#391 cl=java.net.URLClassLoader@36624a36] ERROR StackTrace  - Full Stack Trace:
java.lang.annotation.IncompleteAnnotationException: grails.plugins.springsecurity.Secured missing element value
	at sun.reflect.annotation.AnnotationInvocationHandler.invoke(AnnotationInvocationHandler.java:71)
	at $Proxy38.value(Unknown Source)
	at org.codehaus.groovy.grails.plugins.springsecurity.AnnotationFilterInvocationDefinition.getValue(AnnotationFilterInvocationDefinition.java:297)
	at org.codehaus.groovy.grails.plugins.springsecurity.AnnotationFilterInvocationDefinition.findControllerAnnotations(AnnotationFilterInvocationDefinition.java:258)
	at org.codehaus.groovy.grails.plugins.springsecurity.AnnotationFilterInvocationDefinition.initialize(AnnotationFilterInvocationDefinition.java:178)
	at org.codehaus.groovy.grails.plugins.springsecurity.AnnotationFilterInvocationDefinition$initialize.call(Unknown Source)
	at SpringSecurityCoreGrailsPlugin$_closure5.doCall(SpringSecurityCoreGrailsPlugin.groovy:633)
	at sun.reflect.NativeMethodAccessorImpl.invoke0(Native Method)
	at sun.reflect.NativeMethodAccessorImpl.invoke(NativeMethodAccessorImpl.java:57)
	at sun.reflect.DelegatingMethodAccessorImpl.invoke(DelegatingMethodAccessorImpl.java:43)
	at java.lang.reflect.Method.invoke(Method.java:601)
	at org.springsource.loaded.ri.OriginalClassInvoker.invoke(OriginalClassInvoker.java:47)
	at org.springsource.loaded.ri.ReflectiveInterceptor.jlrMethodInvoke(ReflectiveInterceptor.java:1288)
	at org.codehaus.groovy.reflection.CachedMethod.invoke(CachedMethod.java:90)
	at groovy.lang.MetaMethod.doMethodInvoke(MetaMethod.java:233)
	at groovy.lang.MetaClassImpl.invokeMethod(MetaClassImpl.java:1082)
	at groovy.lang.ExpandoMetaClass.invokeMethod(ExpandoMetaClass.java:1106)
	at groovy.lang.MetaClassImpl.invokeMethod(MetaClassImpl.java:906)
	at groovy.lang.Closure.call(Closure.java:412)
	at SpringSecurityCoreGrailsPlugin$_closure5.call(SpringSecurityCoreGrailsPlugin.groovy)
	at org.codehaus.groovy.grails.plugins.DefaultGrailsPlugin.invokeOnChangeListener(DefaultGrailsPlugin.java:768)
	at org.codehaus.groovy.grails.plugins.DefaultGrailsPlugin.notifyOfEvent(DefaultGrailsPlugin.java:717)
	at org.codehaus.groovy.grails.plugins.DefaultGrailsPluginManager.informObservers(DefaultGrailsPluginManager.java:243)
	at org.codehaus.groovy.grails.plugins.DefaultGrailsPlugin.notifyOfEvent(DefaultGrailsPlugin.java:733)
	at org.codehaus.groovy.grails.plugins.AbstractGrailsPluginManager.informOfClassChange(AbstractGrailsPluginManager.java:407)
	at org.codehaus.groovy.grails.compiler.GrailsProjectWatcher$2.run(GrailsProjectWatcher.java:257)
	at org.codehaus.groovy.grails.compiler.GrailsProjectWatcher.firePendingClassChangeEvents(GrailsProjectWatcher.java:124)
	at org.codehaus.groovy.grails.cli.agent.GrailsPluginManagerReloadPlugin.reloadEvent(GrailsPluginManagerReloadPlugin.java:42)
	at org.springsource.loaded.TypeRegistry.fireReloadEvent(TypeRegistry.java:1641)
	at org.springsource.loaded.ReloadableType.loadNewVersion(ReloadableType.java:396)
	at org.springsource.loaded.TypeRegistry.loadNewVersion(TypeRegistry.java:808)
	at org.springsource.loaded.agent.ReloadableFileChangeListener.fileChanged(ReloadableFileChangeListener.java:51)
	at org.springsource.loaded.agent.Watcher.determineChangesSince(FileSystemWatcher.java:218)
	at org.springsource.loaded.agent.Watcher.run(FileSystemWatcher.java:205)
	at java.lang.Thread.run(Thread.java:722)
2013-10-10 14:29:08,763 [FileSystemWatcher: files=#391 cl=java.net.URLClassLoader@36624a36] ERROR StackTrace  - Full Stack Trace:
java.lang.annotation.IncompleteAnnotationException: grails.plugins.springsecurity.Secured missing element value
	at SpringSecurityCoreGrailsPlugin$_closure5.doCall(SpringSecurityCoreGrailsPlugin.groovy:633)
	at java.lang.Thread.run(Thread.java:722)
2013-10-10 14:29:08,763 [FileSystemWatcher: files=#391 cl=java.net.URLClassLoader@36624a36] ERROR StackTrace  - Full Stack Trace:
java.lang.annotation.IncompleteAnnotationException: grails.plugins.springsecurity.Secured missing element value
	at SpringSecurityCoreGrailsPlugin$_closure5.doCall(SpringSecurityCoreGrailsPlugin.groovy:633)
	at java.lang.Thread.run(Thread.java:722)
2013-10-10 14:29:08,763 [FileSystemWatcher: files=#391 cl=java.net.URLClassLoader@36624a36] ERROR StackTrace  - Full Stack Trace:
java.lang.annotation.IncompleteAnnotationException: grails.plugins.springsecurity.Secured missing element value
	at SpringSecurityCoreGrailsPlugin$_closure5.doCall(SpringSecurityCoreGrailsPlugin.groovy:633)
	at java.lang.Thread.run(Thread.java:722)
2013-10-10 14:29:11,185 [FileSystemWatcher: files=#391 cl=java.net.URLClassLoader@36624a36] ERROR StackTrace  - Full Stack Trace:
java.lang.annotation.IncompleteAnnotationException: grails.plugins.springsecurity.Secured missing element value
	at sun.reflect.annotation.AnnotationInvocationHandler.invoke(AnnotationInvocationHandler.java:71)
	at $Proxy38.value(Unknown Source)
	at org.codehaus.groovy.grails.plugins.springsecurity.AnnotationFilterInvocationDefinition.getValue(AnnotationFilterInvocationDefinition.java:297)
	at org.codehaus.groovy.grails.plugins.springsecurity.AnnotationFilterInvocationDefinition.findControllerAnnotations(AnnotationFilterInvocationDefinition.java:258)
	at org.codehaus.groovy.grails.plugins.springsecurity.AnnotationFilterInvocationDefinition.initialize(AnnotationFilterInvocationDefinition.java:178)
	at org.codehaus.groovy.grails.plugins.springsecurity.AnnotationFilterInvocationDefinition$initialize.call(Unknown Source)
	at SpringSecurityCoreGrailsPlugin$_closure5.doCall(SpringSecurityCoreGrailsPlugin.groovy:633)
	at sun.reflect.NativeMethodAccessorImpl.invoke0(Native Method)
	at sun.reflect.NativeMethodAccessorImpl.invoke(NativeMethodAccessorImpl.java:57)
	at sun.reflect.DelegatingMethodAccessorImpl.invoke(DelegatingMethodAccessorImpl.java:43)
	at java.lang.reflect.Method.invoke(Method.java:601)
	at org.springsource.loaded.ri.OriginalClassInvoker.invoke(OriginalClassInvoker.java:47)
	at org.springsource.loaded.ri.ReflectiveInterceptor.jlrMethodInvoke(ReflectiveInterceptor.java:1288)
	at org.codehaus.groovy.reflection.CachedMethod.invoke(CachedMethod.java:90)
	at groovy.lang.MetaMethod.doMethodInvoke(MetaMethod.java:233)
	at groovy.lang.MetaClassImpl.invokeMethod(MetaClassImpl.java:1082)
	at groovy.lang.ExpandoMetaClass.invokeMethod(ExpandoMetaClass.java:1106)
	at groovy.lang.MetaClassImpl.invokeMethod(MetaClassImpl.java:906)
	at groovy.lang.Closure.call(Closure.java:412)
	at SpringSecurityCoreGrailsPlugin$_closure5.call(SpringSecurityCoreGrailsPlugin.groovy)
	at org.codehaus.groovy.grails.plugins.DefaultGrailsPlugin.invokeOnChangeListener(DefaultGrailsPlugin.java:768)
	at org.codehaus.groovy.grails.plugins.DefaultGrailsPlugin.notifyOfEvent(DefaultGrailsPlugin.java:717)
	at org.codehaus.groovy.grails.plugins.DefaultGrailsPluginManager.informObservers(DefaultGrailsPluginManager.java:243)
	at org.codehaus.groovy.grails.plugins.DefaultGrailsPlugin.notifyOfEvent(DefaultGrailsPlugin.java:733)
	at org.codehaus.groovy.grails.plugins.AbstractGrailsPluginManager.informOfClassChange(AbstractGrailsPluginManager.java:407)
	at org.codehaus.groovy.grails.compiler.GrailsProjectWatcher$2.run(GrailsProjectWatcher.java:257)
	at org.codehaus.groovy.grails.compiler.GrailsProjectWatcher.firePendingClassChangeEvents(GrailsProjectWatcher.java:124)
	at org.codehaus.groovy.grails.cli.agent.GrailsPluginManagerReloadPlugin.reloadEvent(GrailsPluginManagerReloadPlugin.java:42)
	at org.springsource.loaded.TypeRegistry.fireReloadEvent(TypeRegistry.java:1641)
	at org.springsource.loaded.ReloadableType.loadNewVersion(ReloadableType.java:396)
	at org.springsource.loaded.TypeRegistry.loadNewVersion(TypeRegistry.java:808)
	at org.springsource.loaded.agent.ReloadableFileChangeListener.fileChanged(ReloadableFileChangeListener.java:51)
	at org.springsource.loaded.agent.Watcher.determineChangesSince(FileSystemWatcher.java:218)
	at org.springsource.loaded.agent.Watcher.run(FileSystemWatcher.java:205)
	at java.lang.Thread.run(Thread.java:722)
2013-10-10 14:29:11,185 [FileSystemWatcher: files=#391 cl=java.net.URLClassLoader@36624a36] ERROR StackTrace  - Full Stack Trace:
java.lang.annotation.IncompleteAnnotationException: grails.plugins.springsecurity.Secured missing element value
	at SpringSecurityCoreGrailsPlugin$_closure5.doCall(SpringSecurityCoreGrailsPlugin.groovy:633)
	at java.lang.Thread.run(Thread.java:722)
2013-10-10 14:29:11,185 [FileSystemWatcher: files=#391 cl=java.net.URLClassLoader@36624a36] ERROR StackTrace  - Full Stack Trace:
java.lang.annotation.IncompleteAnnotationException: grails.plugins.springsecurity.Secured missing element value
	at SpringSecurityCoreGrailsPlugin$_closure5.doCall(SpringSecurityCoreGrailsPlugin.groovy:633)
	at java.lang.Thread.run(Thread.java:722)
2013-10-10 14:29:11,185 [FileSystemWatcher: files=#391 cl=java.net.URLClassLoader@36624a36] ERROR StackTrace  - Full Stack Trace:
java.lang.annotation.IncompleteAnnotationException: grails.plugins.springsecurity.Secured missing element value
	at SpringSecurityCoreGrailsPlugin$_closure5.doCall(SpringSecurityCoreGrailsPlugin.groovy:633)
	at java.lang.Thread.run(Thread.java:722)
2013-10-10 14:29:17,885 [FileSystemWatcher: files=#391 cl=java.net.URLClassLoader@36624a36] ERROR StackTrace  - Full Stack Trace:
java.lang.annotation.IncompleteAnnotationException: grails.plugins.springsecurity.Secured missing element value
	at sun.reflect.annotation.AnnotationInvocationHandler.invoke(AnnotationInvocationHandler.java:71)
	at $Proxy38.value(Unknown Source)
	at org.codehaus.groovy.grails.plugins.springsecurity.AnnotationFilterInvocationDefinition.getValue(AnnotationFilterInvocationDefinition.java:297)
	at org.codehaus.groovy.grails.plugins.springsecurity.AnnotationFilterInvocationDefinition.findControllerAnnotations(AnnotationFilterInvocationDefinition.java:258)
	at org.codehaus.groovy.grails.plugins.springsecurity.AnnotationFilterInvocationDefinition.initialize(AnnotationFilterInvocationDefinition.java:178)
	at org.codehaus.groovy.grails.plugins.springsecurity.AnnotationFilterInvocationDefinition$initialize.call(Unknown Source)
	at SpringSecurityCoreGrailsPlugin$_closure5.doCall(SpringSecurityCoreGrailsPlugin.groovy:633)
	at sun.reflect.NativeMethodAccessorImpl.invoke0(Native Method)
	at sun.reflect.NativeMethodAccessorImpl.invoke(NativeMethodAccessorImpl.java:57)
	at sun.reflect.DelegatingMethodAccessorImpl.invoke(DelegatingMethodAccessorImpl.java:43)
	at java.lang.reflect.Method.invoke(Method.java:601)
	at org.springsource.loaded.ri.OriginalClassInvoker.invoke(OriginalClassInvoker.java:47)
	at org.springsource.loaded.ri.ReflectiveInterceptor.jlrMethodInvoke(ReflectiveInterceptor.java:1288)
	at org.codehaus.groovy.reflection.CachedMethod.invoke(CachedMethod.java:90)
	at groovy.lang.MetaMethod.doMethodInvoke(MetaMethod.java:233)
	at groovy.lang.MetaClassImpl.invokeMethod(MetaClassImpl.java:1082)
	at groovy.lang.ExpandoMetaClass.invokeMethod(ExpandoMetaClass.java:1106)
	at groovy.lang.MetaClassImpl.invokeMethod(MetaClassImpl.java:906)
	at groovy.lang.Closure.call(Closure.java:412)
	at SpringSecurityCoreGrailsPlugin$_closure5.call(SpringSecurityCoreGrailsPlugin.groovy)
	at org.codehaus.groovy.grails.plugins.DefaultGrailsPlugin.invokeOnChangeListener(DefaultGrailsPlugin.java:768)
	at org.codehaus.groovy.grails.plugins.DefaultGrailsPlugin.notifyOfEvent(DefaultGrailsPlugin.java:717)
	at org.codehaus.groovy.grails.plugins.DefaultGrailsPluginManager.informObservers(DefaultGrailsPluginManager.java:243)
	at org.codehaus.groovy.grails.plugins.DefaultGrailsPlugin.notifyOfEvent(DefaultGrailsPlugin.java:733)
	at org.codehaus.groovy.grails.plugins.AbstractGrailsPluginManager.informOfClassChange(AbstractGrailsPluginManager.java:407)
	at org.codehaus.groovy.grails.compiler.GrailsProjectWatcher$2.run(GrailsProjectWatcher.java:257)
	at org.codehaus.groovy.grails.compiler.GrailsProjectWatcher.firePendingClassChangeEvents(GrailsProjectWatcher.java:124)
	at org.codehaus.groovy.grails.cli.agent.GrailsPluginManagerReloadPlugin.reloadEvent(GrailsPluginManagerReloadPlugin.java:42)
	at org.springsource.loaded.TypeRegistry.fireReloadEvent(TypeRegistry.java:1641)
	at org.springsource.loaded.ReloadableType.loadNewVersion(ReloadableType.java:396)
	at org.springsource.loaded.TypeRegistry.loadNewVersion(TypeRegistry.java:808)
	at org.springsource.loaded.agent.ReloadableFileChangeListener.fileChanged(ReloadableFileChangeListener.java:51)
	at org.springsource.loaded.agent.Watcher.determineChangesSince(FileSystemWatcher.java:218)
	at org.springsource.loaded.agent.Watcher.run(FileSystemWatcher.java:205)
	at java.lang.Thread.run(Thread.java:722)
2013-10-10 14:29:17,886 [FileSystemWatcher: files=#391 cl=java.net.URLClassLoader@36624a36] ERROR StackTrace  - Full Stack Trace:
java.lang.annotation.IncompleteAnnotationException: grails.plugins.springsecurity.Secured missing element value
	at SpringSecurityCoreGrailsPlugin$_closure5.doCall(SpringSecurityCoreGrailsPlugin.groovy:633)
	at java.lang.Thread.run(Thread.java:722)
2013-10-10 14:29:17,886 [FileSystemWatcher: files=#391 cl=java.net.URLClassLoader@36624a36] ERROR StackTrace  - Full Stack Trace:
java.lang.annotation.IncompleteAnnotationException: grails.plugins.springsecurity.Secured missing element value
	at SpringSecurityCoreGrailsPlugin$_closure5.doCall(SpringSecurityCoreGrailsPlugin.groovy:633)
	at java.lang.Thread.run(Thread.java:722)
2013-10-10 14:29:17,886 [FileSystemWatcher: files=#391 cl=java.net.URLClassLoader@36624a36] ERROR StackTrace  - Full Stack Trace:
java.lang.annotation.IncompleteAnnotationException: grails.plugins.springsecurity.Secured missing element value
	at SpringSecurityCoreGrailsPlugin$_closure5.doCall(SpringSecurityCoreGrailsPlugin.groovy:633)
	at java.lang.Thread.run(Thread.java:722)
2013-10-10 14:29:21,282 [FileSystemWatcher: files=#391 cl=java.net.URLClassLoader@36624a36] ERROR StackTrace  - Full Stack Trace:
java.lang.IllegalArgumentException: You must provide a configuration attribute
	at org.springframework.util.Assert.hasText(Assert.java:162)
	at org.springframework.security.access.SecurityConfig.<init>(SecurityConfig.java:37)
	at org.codehaus.groovy.grails.plugins.springsecurity.AbstractFilterInvocationDefinition.buildConfigAttributes(AbstractFilterInvocationDefinition.java:257)
	at org.codehaus.groovy.grails.plugins.springsecurity.AnnotationFilterInvocationDefinition.buildConfigAttributes(AnnotationFilterInvocationDefinition.java)
	at org.codehaus.groovy.grails.plugins.springsecurity.AnnotationFilterInvocationDefinition.storeMapping(AnnotationFilterInvocationDefinition.java:239)
	at org.codehaus.groovy.grails.plugins.springsecurity.AnnotationFilterInvocationDefinition.compileClassMap(AnnotationFilterInvocationDefinition.java:210)
	at org.codehaus.groovy.grails.plugins.springsecurity.AnnotationFilterInvocationDefinition.initialize(AnnotationFilterInvocationDefinition.java:182)
	at org.codehaus.groovy.grails.plugins.springsecurity.AnnotationFilterInvocationDefinition$initialize.call(Unknown Source)
	at SpringSecurityCoreGrailsPlugin$_closure5.doCall(SpringSecurityCoreGrailsPlugin.groovy:633)
	at sun.reflect.NativeMethodAccessorImpl.invoke0(Native Method)
	at sun.reflect.NativeMethodAccessorImpl.invoke(NativeMethodAccessorImpl.java:57)
	at sun.reflect.DelegatingMethodAccessorImpl.invoke(DelegatingMethodAccessorImpl.java:43)
	at java.lang.reflect.Method.invoke(Method.java:601)
	at org.springsource.loaded.ri.OriginalClassInvoker.invoke(OriginalClassInvoker.java:47)
	at org.springsource.loaded.ri.ReflectiveInterceptor.jlrMethodInvoke(ReflectiveInterceptor.java:1288)
	at org.codehaus.groovy.reflection.CachedMethod.invoke(CachedMethod.java:90)
	at groovy.lang.MetaMethod.doMethodInvoke(MetaMethod.java:233)
	at groovy.lang.MetaClassImpl.invokeMethod(MetaClassImpl.java:1082)
	at groovy.lang.ExpandoMetaClass.invokeMethod(ExpandoMetaClass.java:1106)
	at groovy.lang.MetaClassImpl.invokeMethod(MetaClassImpl.java:906)
	at groovy.lang.Closure.call(Closure.java:412)
	at SpringSecurityCoreGrailsPlugin$_closure5.call(SpringSecurityCoreGrailsPlugin.groovy)
	at org.codehaus.groovy.grails.plugins.DefaultGrailsPlugin.invokeOnChangeListener(DefaultGrailsPlugin.java:768)
	at org.codehaus.groovy.grails.plugins.DefaultGrailsPlugin.notifyOfEvent(DefaultGrailsPlugin.java:717)
	at org.codehaus.groovy.grails.plugins.DefaultGrailsPluginManager.informObservers(DefaultGrailsPluginManager.java:243)
	at org.codehaus.groovy.grails.plugins.DefaultGrailsPlugin.notifyOfEvent(DefaultGrailsPlugin.java:733)
	at org.codehaus.groovy.grails.plugins.AbstractGrailsPluginManager.informOfClassChange(AbstractGrailsPluginManager.java:407)
	at org.codehaus.groovy.grails.compiler.GrailsProjectWatcher$2.run(GrailsProjectWatcher.java:257)
	at org.codehaus.groovy.grails.compiler.GrailsProjectWatcher.firePendingClassChangeEvents(GrailsProjectWatcher.java:124)
	at org.codehaus.groovy.grails.cli.agent.GrailsPluginManagerReloadPlugin.reloadEvent(GrailsPluginManagerReloadPlugin.java:42)
	at org.springsource.loaded.TypeRegistry.fireReloadEvent(TypeRegistry.java:1641)
	at org.springsource.loaded.ReloadableType.loadNewVersion(ReloadableType.java:396)
	at org.springsource.loaded.TypeRegistry.loadNewVersion(TypeRegistry.java:808)
	at org.springsource.loaded.agent.ReloadableFileChangeListener.fileChanged(ReloadableFileChangeListener.java:51)
	at org.springsource.loaded.agent.Watcher.determineChangesSince(FileSystemWatcher.java:218)
	at org.springsource.loaded.agent.Watcher.run(FileSystemWatcher.java:205)
	at java.lang.Thread.run(Thread.java:722)
2013-10-10 14:29:21,283 [FileSystemWatcher: files=#391 cl=java.net.URLClassLoader@36624a36] ERROR StackTrace  - Full Stack Trace:
java.lang.IllegalArgumentException: You must provide a configuration attribute
	at SpringSecurityCoreGrailsPlugin$_closure5.doCall(SpringSecurityCoreGrailsPlugin.groovy:633)
	at java.lang.Thread.run(Thread.java:722)
2013-10-10 14:29:21,283 [FileSystemWatcher: files=#391 cl=java.net.URLClassLoader@36624a36] ERROR StackTrace  - Full Stack Trace:
java.lang.IllegalArgumentException: You must provide a configuration attribute
	at SpringSecurityCoreGrailsPlugin$_closure5.doCall(SpringSecurityCoreGrailsPlugin.groovy:633)
	at java.lang.Thread.run(Thread.java:722)
2013-10-10 14:29:21,283 [FileSystemWatcher: files=#391 cl=java.net.URLClassLoader@36624a36] ERROR StackTrace  - Full Stack Trace:
java.lang.IllegalArgumentException: You must provide a configuration attribute
	at SpringSecurityCoreGrailsPlugin$_closure5.doCall(SpringSecurityCoreGrailsPlugin.groovy:633)
	at java.lang.Thread.run(Thread.java:722)
2013-10-10 14:29:24,741 [FileSystemWatcher: files=#391 cl=java.net.URLClassLoader@36624a36] ERROR StackTrace  - Full Stack Trace:
java.lang.IllegalArgumentException: You must provide a configuration attribute
	at org.springframework.util.Assert.hasText(Assert.java:162)
	at org.springframework.security.access.SecurityConfig.<init>(SecurityConfig.java:37)
	at org.codehaus.groovy.grails.plugins.springsecurity.AbstractFilterInvocationDefinition.buildConfigAttributes(AbstractFilterInvocationDefinition.java:257)
	at org.codehaus.groovy.grails.plugins.springsecurity.AnnotationFilterInvocationDefinition.buildConfigAttributes(AnnotationFilterInvocationDefinition.java)
	at org.codehaus.groovy.grails.plugins.springsecurity.AnnotationFilterInvocationDefinition.storeMapping(AnnotationFilterInvocationDefinition.java:239)
	at org.codehaus.groovy.grails.plugins.springsecurity.AnnotationFilterInvocationDefinition.compileClassMap(AnnotationFilterInvocationDefinition.java:210)
	at org.codehaus.groovy.grails.plugins.springsecurity.AnnotationFilterInvocationDefinition.initialize(AnnotationFilterInvocationDefinition.java:182)
	at org.codehaus.groovy.grails.plugins.springsecurity.AnnotationFilterInvocationDefinition$initialize.call(Unknown Source)
	at SpringSecurityCoreGrailsPlugin$_closure5.doCall(SpringSecurityCoreGrailsPlugin.groovy:633)
	at sun.reflect.NativeMethodAccessorImpl.invoke0(Native Method)
	at sun.reflect.NativeMethodAccessorImpl.invoke(NativeMethodAccessorImpl.java:57)
	at sun.reflect.DelegatingMethodAccessorImpl.invoke(DelegatingMethodAccessorImpl.java:43)
	at java.lang.reflect.Method.invoke(Method.java:601)
	at org.springsource.loaded.ri.OriginalClassInvoker.invoke(OriginalClassInvoker.java:47)
	at org.springsource.loaded.ri.ReflectiveInterceptor.jlrMethodInvoke(ReflectiveInterceptor.java:1288)
	at org.codehaus.groovy.reflection.CachedMethod.invoke(CachedMethod.java:90)
	at groovy.lang.MetaMethod.doMethodInvoke(MetaMethod.java:233)
	at groovy.lang.MetaClassImpl.invokeMethod(MetaClassImpl.java:1082)
	at groovy.lang.ExpandoMetaClass.invokeMethod(ExpandoMetaClass.java:1106)
	at groovy.lang.MetaClassImpl.invokeMethod(MetaClassImpl.java:906)
	at groovy.lang.Closure.call(Closure.java:412)
	at SpringSecurityCoreGrailsPlugin$_closure5.call(SpringSecurityCoreGrailsPlugin.groovy)
	at org.codehaus.groovy.grails.plugins.DefaultGrailsPlugin.invokeOnChangeListener(DefaultGrailsPlugin.java:768)
	at org.codehaus.groovy.grails.plugins.DefaultGrailsPlugin.notifyOfEvent(DefaultGrailsPlugin.java:717)
	at org.codehaus.groovy.grails.plugins.DefaultGrailsPluginManager.informObservers(DefaultGrailsPluginManager.java:243)
	at org.codehaus.groovy.grails.plugins.DefaultGrailsPlugin.notifyOfEvent(DefaultGrailsPlugin.java:733)
	at org.codehaus.groovy.grails.plugins.AbstractGrailsPluginManager.informOfClassChange(AbstractGrailsPluginManager.java:407)
	at org.codehaus.groovy.grails.compiler.GrailsProjectWatcher$2.run(GrailsProjectWatcher.java:257)
	at org.codehaus.groovy.grails.compiler.GrailsProjectWatcher.firePendingClassChangeEvents(GrailsProjectWatcher.java:124)
	at org.codehaus.groovy.grails.cli.agent.GrailsPluginManagerReloadPlugin.reloadEvent(GrailsPluginManagerReloadPlugin.java:42)
	at org.springsource.loaded.TypeRegistry.fireReloadEvent(TypeRegistry.java:1641)
	at org.springsource.loaded.ReloadableType.loadNewVersion(ReloadableType.java:396)
	at org.springsource.loaded.TypeRegistry.loadNewVersion(TypeRegistry.java:808)
	at org.springsource.loaded.agent.ReloadableFileChangeListener.fileChanged(ReloadableFileChangeListener.java:51)
	at org.springsource.loaded.agent.Watcher.determineChangesSince(FileSystemWatcher.java:218)
	at org.springsource.loaded.agent.Watcher.run(FileSystemWatcher.java:205)
	at java.lang.Thread.run(Thread.java:722)
2013-10-10 14:29:24,742 [FileSystemWatcher: files=#391 cl=java.net.URLClassLoader@36624a36] ERROR StackTrace  - Full Stack Trace:
java.lang.IllegalArgumentException: You must provide a configuration attribute
	at SpringSecurityCoreGrailsPlugin$_closure5.doCall(SpringSecurityCoreGrailsPlugin.groovy:633)
	at java.lang.Thread.run(Thread.java:722)
2013-10-10 14:29:24,742 [FileSystemWatcher: files=#391 cl=java.net.URLClassLoader@36624a36] ERROR StackTrace  - Full Stack Trace:
java.lang.IllegalArgumentException: You must provide a configuration attribute
	at SpringSecurityCoreGrailsPlugin$_closure5.doCall(SpringSecurityCoreGrailsPlugin.groovy:633)
	at java.lang.Thread.run(Thread.java:722)
2013-10-10 14:29:24,742 [FileSystemWatcher: files=#391 cl=java.net.URLClassLoader@36624a36] ERROR StackTrace  - Full Stack Trace:
java.lang.IllegalArgumentException: You must provide a configuration attribute
	at SpringSecurityCoreGrailsPlugin$_closure5.doCall(SpringSecurityCoreGrailsPlugin.groovy:633)
	at java.lang.Thread.run(Thread.java:722)
